/bin/sh: 1: python: not found
/bin/sh: 1: python: not found
B07D2QXDGS : 23.8
1 record inserted
{'2021-11-16 08:59:42': '23.80', '2021-11-16 09:09:53': '23.80', '2021-11-16 09:30:49': '23.80', '2021-11-16 09:31:43': '23.80', '2021-11-16 09:39:44': '23.80', '2021-11-17 05:07:04': '23.80'}
{'2021-11-16 08:59:42': '23.80', '2021-11-16 09:09:53': '23.80', '2021-11-16 09:30:49': '23.80', '2021-11-16 09:31:43': '23.80', '2021-11-16 09:39:44': '23.80', '2021-11-17 05:07:04': '23.80'}
B07P5PRK7J : 16.99
1 record inserted
{'2021-11-16 08:59:44': '16.99', '2021-11-16 09:09:55': '16.99', '2021-11-16 09:30:52': '16.99', '2021-11-16 09:31:46': '16.99', '2021-11-16 09:39:47': '16.99', '2021-11-17 05:07:07': '16.99'}
{'2021-11-16 08:59:44': '16.99', '2021-11-16 09:09:55': '16.99', '2021-11-16 09:30:52': '16.99', '2021-11-16 09:31:46': '16.99', '2021-11-16 09:39:47': '16.99', '2021-11-17 05:07:07': '16.99'}
B084HLB7LJ : 109.99
1 record inserted
{'2021-11-16 08:59:47': '109.99', '2021-11-16 09:09:58': '109.99', '2021-11-16 09:30:54': '109.99', '2021-11-16 09:31:48': '109.99', '2021-11-16 09:39:49': '109.99', '2021-11-17 05:07:09': '109.99'}
{'2021-11-16 08:59:47': '109.99', '2021-11-16 09:09:58': '109.99', '2021-11-16 09:30:54': '109.99', '2021-11-16 09:31:48': '109.99', '2021-11-16 09:39:49': '109.99', '2021-11-17 05:07:09': '109.99'}
B07D2QXDGS : 23.8
1 record inserted
{'2021-11-16 08:59:42': '23.80', '2021-11-16 09:09:53': '23.80', '2021-11-16 09:30:49': '23.80', '2021-11-16 09:31:43': '23.80', '2021-11-16 09:39:44': '23.80', '2021-11-17 05:07:04': '23.80', '2021-11-17 05:08:04': '23.80'}
{'2021-11-16 08:59:42': '23.80', '2021-11-16 09:09:53': '23.80', '2021-11-16 09:30:49': '23.80', '2021-11-16 09:31:43': '23.80', '2021-11-16 09:39:44': '23.80', '2021-11-17 05:07:04': '23.80', '2021-11-17 05:08:04': '23.80'}
B07P5PRK7J : 16.99
1 record inserted
{'2021-11-16 08:59:44': '16.99', '2021-11-16 09:09:55': '16.99', '2021-11-16 09:30:52': '16.99', '2021-11-16 09:31:46': '16.99', '2021-11-16 09:39:47': '16.99', '2021-11-17 05:07:07': '16.99', '2021-11-17 05:08:06': '16.99'}
{'2021-11-16 08:59:44': '16.99', '2021-11-16 09:09:55': '16.99', '2021-11-16 09:30:52': '16.99', '2021-11-16 09:31:46': '16.99', '2021-11-16 09:39:47': '16.99', '2021-11-17 05:07:07': '16.99', '2021-11-17 05:08:06': '16.99'}
B084HLB7LJ : 109.99
1 record inserted
{'2021-11-16 08:59:47': '109.99', '2021-11-16 09:09:58': '109.99', '2021-11-16 09:30:54': '109.99', '2021-11-16 09:31:48': '109.99', '2021-11-16 09:39:49': '109.99', '2021-11-17 05:07:09': '109.99', '2021-11-17 05:08:08': '109.99'}
{'2021-11-16 08:59:47': '109.99', '2021-11-16 09:09:58': '109.99', '2021-11-16 09:30:54': '109.99', '2021-11-16 09:31:48': '109.99', '2021-11-16 09:39:49': '109.99', '2021-11-17 05:07:09': '109.99', '2021-11-17 05:08:08': '109.99'}
